<?xml version="1.0" encoding="UTF-8"?>
<testng-results skipped="0" failed="0" ignored="0" total="1" passed="1">
  <reporter-output>
  </reporter-output>
  <suite name="Default suite" duration-ms="13638" started-at="2021-09-17T22:59:06 ART" finished-at="2021-09-17T22:59:20 ART">
    <groups>
    </groups>
    <test name="Default test" duration-ms="13638" started-at="2021-09-17T22:59:06 ART" finished-at="2021-09-17T22:59:20 ART">
      <class name="mavenProject.ExtendsReport.ExtentReportsDemo">
        <test-method status="PASS" signature="config()[pri:0, instance:mavenProject.ExtendsReport.ExtentReportsDemo@33723e30]" name="config" is-config="true" duration-ms="469" started-at="2021-09-17T22:59:06 ART" finished-at="2021-09-17T22:59:07 ART">
          <reporter-output>
          </reporter-output>
        </test-method> <!-- config -->
        <test-method status="PASS" signature="initialDemo()[pri:0, instance:mavenProject.ExtendsReport.ExtentReportsDemo@33723e30]" name="initialDemo" duration-ms="13110" started-at="2021-09-17T22:59:07 ART" finished-at="2021-09-17T22:59:20 ART">
          <reporter-output>
          </reporter-output>
        </test-method> <!-- initialDemo -->
      </class> <!-- mavenProject.ExtendsReport.ExtentReportsDemo -->
    </test> <!-- Default test -->
  </suite> <!-- Default suite -->
</testng-results>
